[01m[K/home/esaii-admin/catkin_ws/src/set_vel/src/set_Vel.cpp:23:3:[m[K [01;31m[Kerror: [m[Kâ€˜[01m[Kcurrent_time[m[Kâ€™ does not name a type
   current_time = ros::Time::now();
[01;32m[K   ^[m[K
[01m[K/home/esaii-admin/catkin_ws/src/set_vel/src/set_Vel.cpp:24:3:[m[K [01;31m[Kerror: [m[Kâ€˜[01m[Klast_time[m[Kâ€™ does not name a type
   last_time = ros::Time::now();
[01;32m[K   ^[m[K
make[2]: *** [CMakeFiles/set_vel.dir/src/set_Vel.cpp.o] Error 1
make[1]: *** [CMakeFiles/set_vel.dir/all] Error 2
make: *** [all] Error 2
