[01m[K/home/esaii-admin/catkin_ws/src/set_vel/src/set_Vel.cpp:[m[K In function â€˜[01m[Kint main(int, char**)[m[Kâ€™:
[01m[K/home/esaii-admin/catkin_ws/src/set_vel/src/set_Vel.cpp:32:50:[m[K [01;31m[Kerror: [m[Kno matching function for call to â€˜[01m[Kros::NodeHandle::advertise(const char [31], int)[m[Kâ€™
             ("mavros/setpoint_position/local", 10);
[01;32m[K                                                  ^[m[K
In file included from [01m[K/opt/ros/kinetic/include/ros/ros.h:45:0[m[K,
                 from [01m[K/home/esaii-admin/catkin_ws/src/set_vel/src/set_Vel.cpp:1[m[K:
[01m[K/opt/ros/kinetic/include/ros/node_handle.h:249:15:[m[K [01;36m[Knote: [m[Kcandidate: template<class M> ros::Publisher ros::NodeHandle::advertise(const string&, uint32_t, bool)
     Publisher advertise(const std::string& topic, uint32_t queue_size, bool latch = false)
[01;32m[K               ^[m[K
[01m[K/opt/ros/kinetic/include/ros/node_handle.h:249:15:[m[K [01;36m[Knote: [m[K  template argument deduction/substitution failed:
[01m[K/home/esaii-admin/catkin_ws/src/set_vel/src/set_Vel.cpp:32:50:[m[K [01;36m[Knote: [m[K  couldn't deduce template parameter â€˜[01m[KM[m[Kâ€™
             ("mavros/setpoint_position/local", 10);
[01;32m[K                                                  ^[m[K
In file included from [01m[K/opt/ros/kinetic/include/ros/ros.h:45:0[m[K,
                 from [01m[K/home/esaii-admin/catkin_ws/src/set_vel/src/set_Vel.cpp:1[m[K:
[01m[K/opt/ros/kinetic/include/ros/node_handle.h:315:13:[m[K [01;36m[Knote: [m[Kcandidate: template<class M> ros::Publisher ros::NodeHandle::advertise(const string&, uint32_t, const SubscriberStatusCallback&, const SubscriberStatusCallback&, const VoidConstPtr&, bool)
   Publisher advertise(const std::string& topic, uint32_t queue_size,
[01;32m[K             ^[m[K
[01m[K/opt/ros/kinetic/include/ros/node_handle.h:315:13:[m[K [01;36m[Knote: [m[K  template argument deduction/substitution failed:
[01m[K/home/esaii-admin/catkin_ws/src/set_vel/src/set_Vel.cpp:32:50:[m[K [01;36m[Knote: [m[K  candidate expects 6 arguments, 2 provided
             ("mavros/setpoint_position/local", 10);
[01;32m[K                                                  ^[m[K
In file included from [01m[K/opt/ros/kinetic/include/ros/ros.h:45:0[m[K,
                 from [01m[K/home/esaii-admin/catkin_ws/src/set_vel/src/set_Vel.cpp:1[m[K:
[01m[K/opt/ros/kinetic/include/ros/node_handle.h:353:13:[m[K [01;36m[Knote: [m[Kcandidate: ros::Publisher ros::NodeHandle::advertise(ros::AdvertiseOptions&)
   Publisher advertise(AdvertiseOptions& ops);
[01;32m[K             ^[m[K
[01m[K/opt/ros/kinetic/include/ros/node_handle.h:353:13:[m[K [01;36m[Knote: [m[K  candidate expects 1 argument, 2 provided
[01m[K/home/esaii-admin/catkin_ws/src/set_vel/src/set_Vel.cpp:39:37:[m[K [01;31m[Kerror: [m[Kexpected â€˜[01m[K)[m[Kâ€™ before numeric constant
     nh.param("pub_setpoints_traj/r" 1.0);
[01;32m[K                                     ^[m[K
[01m[K/home/esaii-admin/catkin_ws/src/set_vel/src/set_Vel.cpp:39:40:[m[K [01;31m[Kerror: [m[Kno matching function for call to â€˜[01m[Kros::NodeHandle::param(const char [21])[m[Kâ€™
     nh.param("pub_setpoints_traj/r" 1.0);
[01;32m[K                                        ^[m[K
In file included from [01m[K/opt/ros/kinetic/include/ros/ros.h:45:0[m[K,
                 from [01m[K/home/esaii-admin/catkin_ws/src/set_vel/src/set_Vel.cpp:1[m[K:
[01m[K/opt/ros/kinetic/include/ros/node_handle.h:2120:8:[m[K [01;36m[Knote: [m[Kcandidate: template<class T> bool ros::NodeHandle::param(const string&, T&, const T&) const
   bool param(const std::string& param_name, T& param_val, const T& default_val) const
[01;32m[K        ^[m[K
[01m[K/opt/ros/kinetic/include/ros/node_handle.h:2120:8:[m[K [01;36m[Knote: [m[K  template argument deduction/substitution failed:
[01m[K/home/esaii-admin/catkin_ws/src/set_vel/src/set_Vel.cpp:39:40:[m[K [01;36m[Knote: [m[K  candidate expects 3 arguments, 1 provided
     nh.param("pub_setpoints_traj/r" 1.0);
[01;32m[K                                        ^[m[K
In file included from [01m[K/opt/ros/kinetic/include/ros/ros.h:45:0[m[K,
                 from [01m[K/home/esaii-admin/catkin_ws/src/set_vel/src/set_Vel.cpp:1[m[K:
[01m[K/opt/ros/kinetic/include/ros/node_handle.h:2153:5:[m[K [01;36m[Knote: [m[Kcandidate: template<class T> T ros::NodeHandle::param(const string&, const T&)
   T param(const std::string& param_name, const T& default_val)
[01;32m[K     ^[m[K
[01m[K/opt/ros/kinetic/include/ros/node_handle.h:2153:5:[m[K [01;36m[Knote: [m[K  template argument deduction/substitution failed:
[01m[K/home/esaii-admin/catkin_ws/src/set_vel/src/set_Vel.cpp:39:40:[m[K [01;36m[Knote: [m[K  candidate expects 2 arguments, 1 provided
     nh.param("pub_setpoints_traj/r" 1.0);
[01;32m[K                                        ^[m[K
make[2]: *** [CMakeFiles/set_vel.dir/src/set_Vel.cpp.o] Error 1
make[1]: *** [CMakeFiles/set_vel.dir/all] Error 2
make: *** [all] Error 2
