[01m[K/home/esaii-admin/catkin_ws/src/set_vel/src/set_Vel.cpp:[m[K In function â€˜[01m[Kint main(int, char**)[m[Kâ€™:
[01m[K/home/esaii-admin/catkin_ws/src/set_vel/src/set_Vel.cpp:78:33:[m[K [01;31m[Kerror: [m[Kâ€˜[01m[Klast_request[m[Kâ€™ was not declared in this scope
             (ros::Time::now() - last_request > ros::Duration(5.0))){
[01;32m[K                                 ^[m[K
[01m[K/home/esaii-admin/catkin_ws/src/set_vel/src/set_Vel.cpp:97:1:[m[K [01;31m[Kerror: [m[Kexpected â€˜[01m[K}[m[Kâ€™ at end of input
 }
[01;32m[K ^[m[K
make[2]: *** [CMakeFiles/set_vel.dir/src/set_Vel.cpp.o] Error 1
make[1]: *** [CMakeFiles/set_vel.dir/all] Error 2
make: *** [all] Error 2
